TN:
SF:src/application/users/controllers/users.controller.mjs
FN:5,<instance_members_initializer>
FN:6,UserController
FN:10,listAll
FN:26,getOneById
FN:40,create
FN:53,update
FN:68,delete
FNF:7
FNH:7
FNDA:12,<instance_members_initializer>
FNDA:12,UserController
FNDA:1,listAll
FNDA:3,getOneById
FNDA:2,create
FNDA:3,update
FNDA:3,delete
DA:1,1
DA:2,1
DA:3,1
DA:4,1
DA:5,1
DA:6,1
DA:7,12
DA:8,12
DA:9,1
DA:10,1
DA:11,1
DA:12,1
DA:13,1
DA:14,1
DA:15,1
DA:16,1
DA:17,1
DA:18,1
DA:19,1
DA:20,1
DA:21,1
DA:22,1
DA:23,1
DA:24,1
DA:25,1
DA:26,1
DA:27,3
DA:28,3
DA:29,3
DA:30,3
DA:31,3
DA:32,3
DA:33,3
DA:34,3
DA:35,3
DA:36,3
DA:37,3
DA:38,3
DA:39,1
DA:40,1
DA:41,2
DA:42,2
DA:43,2
DA:44,2
DA:45,2
DA:46,2
DA:47,2
DA:48,2
DA:49,2
DA:50,2
DA:51,2
DA:52,1
DA:53,1
DA:54,3
DA:55,3
DA:56,3
DA:57,3
DA:58,3
DA:59,3
DA:60,3
DA:61,3
DA:62,3
DA:63,3
DA:64,3
DA:65,3
DA:66,3
DA:67,1
DA:68,1
DA:69,3
DA:70,3
DA:71,3
DA:72,3
DA:73,3
DA:74,3
DA:75,3
DA:76,3
DA:77,3
DA:78,3
DA:79,3
DA:80,1
LF:80
LH:80
BRDA:1,0,0,1
BRDA:5,1,0,12
BRDA:6,2,0,12
BRDA:10,3,0,1
BRDA:26,4,0,3
BRDA:40,5,0,2
BRDA:53,6,0,3
BRDA:68,7,0,3
BRF:8
BRH:8
end_of_record
TN:
SF:src/application/users/services/user.service.mjs
FN:6,<instance_members_initializer>
FN:7,UserService
FN:11,listAll
FN:16,getOneById
FN:29,create
FN:41,update
FN:55,delete
FNF:7
FNH:7
FNDA:24,<instance_members_initializer>
FNDA:24,UserService
FNDA:2,listAll
FNDA:6,getOneById
FNDA:4,create
FNDA:6,update
FNDA:5,delete
DA:1,2
DA:2,2
DA:3,2
DA:4,2
DA:5,2
DA:6,2
DA:7,2
DA:8,24
DA:9,24
DA:10,2
DA:11,2
DA:12,2
DA:13,2
DA:14,2
DA:15,2
DA:16,2
DA:17,6
DA:18,2
DA:19,2
DA:20,6
DA:21,6
DA:22,6
DA:23,6
DA:24,2
DA:25,2
DA:26,2
DA:27,6
DA:28,2
DA:29,2
DA:30,4
DA:31,4
DA:32,4
DA:33,4
DA:34,2
DA:35,2
DA:36,2
DA:37,2
DA:38,2
DA:39,4
DA:40,2
DA:41,2
DA:42,6
DA:43,2
DA:44,2
DA:45,6
DA:46,6
DA:47,6
DA:48,6
DA:49,2
DA:50,2
DA:51,2
DA:52,2
DA:53,6
DA:54,2
DA:55,2
DA:56,5
DA:57,2
DA:58,2
DA:59,3
DA:60,3
DA:61,4
DA:62,2
DA:63,2
DA:64,5
DA:65,5
DA:66,2
LF:66
LH:66
BRDA:1,0,0,2
BRDA:6,1,0,24
BRDA:7,2,0,24
BRDA:11,3,0,2
BRDA:16,4,0,6
BRDA:17,5,0,2
BRDA:23,6,0,2
BRDA:29,7,0,4
BRDA:33,8,0,2
BRDA:41,9,0,6
BRDA:42,10,0,2
BRDA:48,11,0,2
BRDA:55,12,0,5
BRDA:56,13,0,4
BRDA:56,14,0,2
BRDA:59,15,0,3
BRDA:61,16,0,2
BRF:17
BRH:17
end_of_record
TN:
SF:src/domain/users/entities/user.entity.mjs
FN:2,<instance_members_initializer>
FN:8,User
FN:26,isValid
FN:38,_create
FNF:4
FNH:4
FNDA:6,<instance_members_initializer>
FNDA:6,User
FNDA:6,isValid
FNDA:6,_create
DA:1,3
DA:2,3
DA:3,6
DA:4,6
DA:5,6
DA:6,6
DA:7,3
DA:8,3
DA:9,6
DA:10,6
DA:11,6
DA:12,6
DA:13,6
DA:14,6
DA:15,6
DA:16,6
DA:17,6
DA:18,6
DA:19,6
DA:20,6
DA:21,6
DA:22,6
DA:23,6
DA:24,6
DA:25,3
DA:26,3
DA:27,6
DA:28,6
DA:29,6
DA:30,6
DA:31,6
DA:32,6
DA:33,6
DA:34,6
DA:35,6
DA:36,6
DA:37,3
DA:38,3
DA:39,6
DA:40,6
DA:41,6
DA:42,6
DA:43,6
DA:44,6
DA:45,6
DA:46,3
DA:47,3
DA:48,3
LF:48
LH:48
BRDA:1,0,0,3
BRDA:2,1,0,6
BRDA:8,2,0,6
BRDA:26,3,0,6
BRDA:29,4,0,36
BRDA:29,5,0,33
BRDA:29,6,0,3
BRDA:30,7,0,36
BRDA:38,8,0,6
BRF:9
BRH:9
end_of_record
TN:
SF:src/handlers/customError.mjs
FN:1,customError
FNF:1
FNH:1
FNDA:14,customError
DA:1,14
DA:2,14
DA:3,14
DA:4,14
DA:5,14
DA:6,2
DA:7,2
LF:7
LH:7
BRDA:1,0,0,2
BRDA:1,1,0,14
BRF:2
BRH:2
end_of_record
TN:
SF:src/handlers/responseHandler.mjs
FN:3,responseHandler
FNF:1
FNH:1
FNDA:5,responseHandler
DA:1,1
DA:2,1
DA:3,5
DA:4,5
DA:5,5
DA:6,5
DA:7,5
DA:8,1
DA:9,1
LF:9
LH:9
BRDA:1,0,0,1
BRDA:3,1,0,5
BRF:2
BRH:2
end_of_record
TN:
SF:src/utils/configs.mjs
FNF:0
FNH:0
DA:1,1
DA:2,1
DA:3,1
DA:4,1
LF:4
LH:4
BRDA:1,0,0,1
BRF:1
BRH:1
end_of_record
TN:
SF:src/utils/mockedUsersData.mjs
FNF:0
FNH:0
DA:1,2
DA:2,2
DA:3,2
DA:4,2
DA:5,2
DA:6,2
DA:7,2
DA:8,2
DA:9,2
DA:10,2
DA:11,2
DA:12,2
DA:13,2
DA:14,2
DA:15,2
DA:16,2
DA:17,2
DA:18,2
DA:19,2
DA:20,2
DA:21,2
DA:22,2
DA:23,2
DA:24,2
DA:25,2
DA:26,2
DA:27,2
DA:28,2
DA:29,2
LF:29
LH:29
BRDA:1,0,0,2
BRF:1
BRH:1
end_of_record
